========================================
向量大小: 134217728
========================================

执行本地计算（Numpy）...
  执行时间: 0.059433 秒
  性能速率: 2258312788 元素/秒
  性能速率: 2258.31 M元素/秒

执行OpenCL计算...
  执行时间: 0.524116 秒
  性能速率: 256083876 元素/秒
  性能速率: 256.08 M元素/秒

========================================
性能分析
========================================
OpenCL/Native 性能比率: 0.113396
  -> Native 比 OpenCL 快 8.82 倍
时间比率: 8.818645
========================================

结果验证:
  差值范数: 0.0
  ✓ 计算成功！OpenCL结果与Numpy结果一致。
