========================================
向量大小: 16777216
========================================

执行本地计算（Numpy）...
  执行时间: 0.008347 秒
  性能速率: 2009903864 元素/秒
  性能速率: 2009.90 M元素/秒

执行OpenCL计算...
  执行时间: 0.270250 秒
  性能速率: 62080391 元素/秒
  性能速率: 62.08 M元素/秒

========================================
性能分析
========================================
OpenCL/Native 性能比率: 0.030887
  -> Native 比 OpenCL 快 32.38 倍
时间比率: 32.375825
========================================

结果验证:
  差值范数: 0.0
  ✓ 计算成功！OpenCL结果与Numpy结果一致。
