========================================
向量大小: 1048576
========================================

执行本地计算（Numpy）...
  执行时间: 0.000232 秒
  性能速率: 4520088912 元素/秒
  性能速率: 4520.09 M元素/秒

执行OpenCL计算...
  执行时间: 0.224667 秒
  性能速率: 4667249 元素/秒
  性能速率: 4.67 M元素/秒

========================================
性能分析
========================================
OpenCL/Native 性能比率: 0.001033
  -> Native 比 OpenCL 快 968.47 倍
时间比率: 968.469681
========================================

结果验证:
  差值范数: 0.0
  ✓ 计算成功！OpenCL结果与Numpy结果一致。
