========================================
向量大小: 32768
========================================

执行本地计算（Numpy）...
  执行时间: 0.000012 秒
  性能速率: 2643056798 元素/秒
  性能速率: 2643.06 M元素/秒

执行OpenCL计算...
  执行时间: 0.243201 秒
  性能速率: 134736 元素/秒
  性能速率: 0.13 M元素/秒

========================================
性能分析
========================================
OpenCL/Native 性能比率: 0.000051
  -> Native 比 OpenCL 快 19616.54 倍
时间比率: 19616.538462
========================================

结果验证:
  差值范数: 0.0
  ✓ 计算成功！OpenCL结果与Numpy结果一致。
