/home/hzhang02/miniconda3/lib/python3.13/site-packages/pyopencl/cache.py:420: CompilerWarning: Non-empty compiler output encountered. Set the environment variable PYOPENCL_COMPILER_OUTPUT=1 to see more.
  prg.build(options_bytes, [devices[i] for i in to_be_built_indices])
========================================
练习 2.4：增加算术复杂度
向量大小: 32
每个元素执行 16 个数学运算
========================================

执行本地计算（Numpy + MySillyFunction）...
  执行时间: 0.000075 秒
  性能速率: 427445 元素/秒
  性能速率: 0.43 M元素/秒
  计算性能: 14.11 MFlops

执行OpenCL计算（MySillyFunction）...
  执行时间: 0.343577 秒
  性能速率: 93 元素/秒
  性能速率: 0.00 M元素/秒
  计算性能: 0.00 MFlops

========================================
性能分析
========================================
OpenCL/Native 性能比率: 0.000218
  ✗ Native 比 OpenCL 快 4589.39 倍
加速比: 0.000218x
OpenCL FlOPS 提升: 0.00x
========================================

结果验证:
  差值范数: 1.092571e-06
  最大差值: 4.768372e-07
  相对误差: 7.452992e-08
  ✓ 计算成功！OpenCL结果与Numpy结果在可接受误差范围内。
