/home/hzhang02/miniconda3/lib/python3.13/site-packages/pyopencl/cache.py:496: CompilerWarning: Non-empty compiler output encountered. Set the environment variable PYOPENCL_COMPILER_OUTPUT=1 to see more.
  _create_built_program_from_source_cached(
/home/hzhang02/miniconda3/lib/python3.13/site-packages/pyopencl/cache.py:500: CompilerWarning: Non-empty compiler output encountered. Set the environment variable PYOPENCL_COMPILER_OUTPUT=1 to see more.
  prg.build(options_bytes, devices)
========================================
练习 2.4：增加算术复杂度
向量大小: 32768
每个元素执行 16 个数学运算
========================================

执行本地计算（Numpy + MySillyFunction）...
  执行时间: 0.000588 秒
  性能速率: 55688393 元素/秒
  性能速率: 55.69 M元素/秒
  计算性能: 1837.72 MFlops

执行OpenCL计算（MySillyFunction）...
  执行时间: 0.128249 秒
  性能速率: 255502 元素/秒
  性能速率: 0.26 M元素/秒
  计算性能: 8.43 MFlops

========================================
性能分析
========================================
OpenCL/Native 性能比率: 0.004588
  ✗ Native 比 OpenCL 快 217.96 倍
加速比: 0.004588x
OpenCL FlOPS 提升: 0.00x
========================================

结果验证:
  差值范数: 3.458385e-05
  最大差值: 1.192093e-06
  相对误差: 7.290695e-08
  ✓ 计算成功！OpenCL结果与Numpy结果在可接受误差范围内。
