========================================
练习 2.4：增加算术复杂度
向量大小: 32768
每个元素执行 16 个数学运算
========================================

执行本地计算（Numpy + MySillyFunction）...
  执行时间: 0.000622 秒
  性能速率: 52698985 元素/秒
  性能速率: 52.70 M元素/秒
  计算性能: 1739.07 MFlops

执行OpenCL计算（MySillyFunction）...
  执行时间: 0.241495 秒
  性能速率: 135688 元素/秒
  性能速率: 0.14 M元素/秒
  计算性能: 4.48 MFlops

========================================
性能分析
========================================
OpenCL/Native 性能比率: 0.002575
  ✗ Native 比 OpenCL 快 388.38 倍
加速比: 0.002575x
OpenCL FlOPS 提升: 0.00x
========================================

结果验证:
  差值范数: 5.307425e-05
  最大差值: 1.192093e-06
  相对误差: 1.118804e-07
  ✓ 计算成功！OpenCL结果与Numpy结果在可接受误差范围内。
