========================================
练习 2.4：增加算术复杂度
向量大小: 1048576
每个元素执行 16 个数学运算
========================================

执行本地计算（Numpy + MySillyFunction）...
  执行时间: 0.017091 秒
  性能速率: 61351540 元素/秒
  性能速率: 61.35 M元素/秒
  计算性能: 2024.60 MFlops

执行OpenCL计算（MySillyFunction）...
  执行时间: 0.244081 秒
  性能速率: 4296025 元素/秒
  性能速率: 4.30 M元素/秒
  计算性能: 141.77 MFlops

========================================
性能分析
========================================
OpenCL/Native 性能比率: 0.070023
  ✗ Native 比 OpenCL 快 14.28 倍
加速比: 0.070023x
OpenCL FlOPS 提升: 0.07x
========================================

结果验证:
  差值范数: 3.024502e-04
  最大差值: 1.430511e-06
  相对误差: 1.126815e-07
  ✓ 计算成功！OpenCL结果与Numpy结果在可接受误差范围内。
