========================================
练习 2.4：增加算术复杂度
向量大小: 1024
每个元素执行 16 个数学运算
========================================

执行本地计算（Numpy + MySillyFunction）...
  执行时间: 0.000104 秒
  性能速率: 9850842 元素/秒
  性能速率: 9.85 M元素/秒
  计算性能: 325.08 MFlops

执行OpenCL计算（MySillyFunction）...
  执行时间: 0.246093 秒
  性能速率: 4161 元素/秒
  性能速率: 0.00 M元素/秒
  计算性能: 0.14 MFlops

========================================
性能分析
========================================
OpenCL/Native 性能比率: 0.000422
  ✗ Native 比 OpenCL 快 2367.40 倍
加速比: 0.000422x
OpenCL FlOPS 提升: 0.00x
========================================

结果验证:
  差值范数: 9.319697e-06
  最大差值: 7.152557e-07
  相对误差: 1.113228e-07
  ✓ 计算成功！OpenCL结果与Numpy结果在可接受误差范围内。
