========================================
练习 2.4：增加算术复杂度
向量大小: 16777216
每个元素执行 16 个数学运算
========================================

执行本地计算（Numpy + MySillyFunction）...
  执行时间: 0.446965 秒
  性能速率: 37535822 元素/秒
  性能速率: 37.54 M元素/秒
  计算性能: 1238.68 MFlops

执行OpenCL计算（MySillyFunction）...
  执行时间: 0.275548 秒
  性能速率: 60886784 元素/秒
  性能速率: 60.89 M元素/秒
  计算性能: 2009.26 MFlops

========================================
性能分析
========================================
OpenCL/Native 性能比率: 1.622098
  ✓ OpenCL 比 Native 快 1.62 倍
加速比: 1.622098x
OpenCL FlOPS 提升: 1.62x
========================================

结果验证:
  差值范数: 1.209915e-03
  最大差值: 1.430511e-06
  相对误差: 1.126753e-07
  ✓ 计算成功！OpenCL结果与Numpy结果在可接受误差范围内。
