/home/hzhang02/miniconda3/lib/python3.13/site-packages/pyopencl/cache.py:496: CompilerWarning: Non-empty compiler output encountered. Set the environment variable PYOPENCL_COMPILER_OUTPUT=1 to see more.
  _create_built_program_from_source_cached(
/home/hzhang02/miniconda3/lib/python3.13/site-packages/pyopencl/cache.py:500: CompilerWarning: Non-empty compiler output encountered. Set the environment variable PYOPENCL_COMPILER_OUTPUT=1 to see more.
  prg.build(options_bytes, devices)
========================================
练习 2.4：增加算术复杂度
向量大小: 1024
每个元素执行 16 个数学运算
========================================

执行本地计算（Numpy + MySillyFunction）...
  执行时间: 0.000130 秒
  性能速率: 7880674 元素/秒
  性能速率: 7.88 M元素/秒
  计算性能: 260.06 MFlops

执行OpenCL计算（MySillyFunction）...
  执行时间: 0.150436 秒
  性能速率: 6807 元素/秒
  性能速率: 0.01 M元素/秒
  计算性能: 0.22 MFlops

========================================
性能分析
========================================
OpenCL/Native 性能比率: 0.000864
  ✗ Native 比 OpenCL 快 1157.75 倍
加速比: 0.000864x
OpenCL FlOPS 提升: 0.00x
========================================

结果验证:
  差值范数: 6.244564e-06
  最大差值: 9.536743e-07
  相对误差: 7.478206e-08
  ✓ 计算成功！OpenCL结果与Numpy结果在可接受误差范围内。
