/home/hzhang02/miniconda3/lib/python3.13/site-packages/pyopencl/cache.py:496: CompilerWarning: Non-empty compiler output encountered. Set the environment variable PYOPENCL_COMPILER_OUTPUT=1 to see more.
  _create_built_program_from_source_cached(
/home/hzhang02/miniconda3/lib/python3.13/site-packages/pyopencl/cache.py:500: CompilerWarning: Non-empty compiler output encountered. Set the environment variable PYOPENCL_COMPILER_OUTPUT=1 to see more.
  prg.build(options_bytes, devices)
========================================
练习 2.4：增加算术复杂度
向量大小: 1048576
每个元素执行 16 个数学运算
========================================

执行本地计算（Numpy + MySillyFunction）...
  执行时间: 0.017912 秒
  性能速率: 58540711 元素/秒
  性能速率: 58.54 M元素/秒
  计算性能: 1931.84 MFlops

执行OpenCL计算（MySillyFunction）...
  执行时间: 0.142503 秒
  性能速率: 7358260 元素/秒
  性能速率: 7.36 M元素/秒
  计算性能: 242.82 MFlops

========================================
性能分析
========================================
OpenCL/Native 性能比率: 0.125695
  ✗ Native 比 OpenCL 快 7.96 倍
加速比: 0.125695x
OpenCL FlOPS 提升: 0.13x
========================================

结果验证:
  差值范数: 1.969656e-04
  最大差值: 1.430511e-06
  相对误差: 7.336849e-08
  ✓ 计算成功！OpenCL结果与Numpy结果在可接受误差范围内。
