========================================
练习 2.4：增加算术复杂度
向量大小: 32
每个元素执行 16 个数学运算
========================================

执行本地计算（Numpy + MySillyFunction）...
  执行时间: 0.000082 秒
  性能速率: 391305 元素/秒
  性能速率: 0.39 M元素/秒
  计算性能: 12.91 MFlops

执行OpenCL计算（MySillyFunction）...
  执行时间: 0.255645 秒
  性能速率: 125 元素/秒
  性能速率: 0.00 M元素/秒
  计算性能: 0.00 MFlops

========================================
性能分析
========================================
OpenCL/Native 性能比率: 0.000320
  ✗ Native 比 OpenCL 快 3126.10 倍
加速比: 0.000320x
OpenCL FlOPS 提升: 0.00x
========================================

结果验证:
  差值范数: 1.450244e-06
  最大差值: 7.152557e-07
  相对误差: 9.794778e-08
  ✓ 计算成功！OpenCL结果与Numpy结果在可接受误差范围内。
